{"C:\\Users\\User\\Documents\\coverself-fe-assignment\\src\\components\\PageButton\\PageButton.tsx": {"path":"C:\\Users\\User\\Documents\\coverself-fe-assignment\\src\\components\\PageButton\\PageButton.tsx","statementMap":{"0":{"start":{"line":4,"column":0},"end":{"line":4,"column":54}},"1":{"start":{"line":5,"column":0},"end":{"line":5,"column":69}},"2":{"start":{"line":6,"column":0},"end":{"line":6,"column":36}},"3":{"start":{"line":9,"column":46},"end":{"line":93,"column":1}},"4":{"start":{"line":15,"column":36},"end":{"line":28,"column":5}},"5":{"start":{"line":21,"column":29},"end":{"line":21,"column":72}},"6":{"start":{"line":23,"column":12},"end":{"line":24,"column":55}},"7":{"start":{"line":25,"column":30},"end":{"line":25,"column":55}},"8":{"start":{"line":27,"column":8},"end":{"line":27,"column":29}},"9":{"start":{"line":30,"column":30},"end":{"line":75,"column":5}},"10":{"start":{"line":31,"column":27},"end":{"line":31,"column":63}},"11":{"start":{"line":33,"column":43},"end":{"line":33,"column":45}},"12":{"start":{"line":36,"column":29},"end":{"line":36,"column":30}},"13":{"start":{"line":38,"column":30},"end":{"line":38,"column":31}},"14":{"start":{"line":40,"column":8},"end":{"line":72,"column":null}},"15":{"start":{"line":40,"column":21},"end":{"line":40,"column":22}},"16":{"start":{"line":41,"column":34},"end":{"line":45,"column":null}},"17":{"start":{"line":48,"column":12},"end":{"line":71,"column":null}},"18":{"start":{"line":50,"column":16},"end":{"line":52,"column":null}},"19":{"start":{"line":51,"column":20},"end":{"line":51,"column":77}},"20":{"start":{"line":54,"column":16},"end":{"line":68,"column":18}},"21":{"start":{"line":64,"column":39},"end":{"line":64,"column":58}},"22":{"start":{"line":70,"column":16},"end":{"line":70,"column":36}},"23":{"start":{"line":74,"column":8},"end":{"line":74,"column":27}},"24":{"start":{"line":77,"column":4},"end":{"line":92,"column":6}},"25":{"start":{"line":80,"column":31},"end":{"line":80,"column":64}},"26":{"start":{"line":87,"column":31},"end":{"line":87,"column":64}},"27":{"start":{"line":95,"column":0},"end":{"line":95,"column":26}}},"fnMap":{"0":{"name":"(anonymous_0)","decl":{"start":{"line":9,"column":46},"end":{"line":9,"column":47}},"loc":{"start":{"line":14,"column":5},"end":{"line":93,"column":1}}},"1":{"name":"(anonymous_1)","decl":{"start":{"line":15,"column":36},"end":{"line":15,"column":null}},"loc":{"start":{"line":20,"column":8},"end":{"line":28,"column":5}}},"2":{"name":"(anonymous_2)","decl":{"start":{"line":30,"column":30},"end":{"line":30,"column":33}},"loc":{"start":{"line":30,"column":35},"end":{"line":75,"column":5}}},"3":{"name":"(anonymous_3)","decl":{"start":{"line":64,"column":33},"end":{"line":64,"column":36}},"loc":{"start":{"line":64,"column":39},"end":{"line":64,"column":58}}},"4":{"name":"(anonymous_4)","decl":{"start":{"line":80,"column":25},"end":{"line":80,"column":28}},"loc":{"start":{"line":80,"column":31},"end":{"line":80,"column":64}}},"5":{"name":"(anonymous_5)","decl":{"start":{"line":87,"column":25},"end":{"line":87,"column":28}},"loc":{"start":{"line":87,"column":31},"end":{"line":87,"column":64}}}},"branchMap":{"0":{"loc":{"start":{"line":21,"column":29},"end":{"line":21,"column":72}},"type":"binary-expr","locations":[{"start":{"line":21,"column":29},"end":{"line":21,"column":44}},{"start":{"line":21,"column":48},"end":{"line":21,"column":72}}]},"1":{"loc":{"start":{"line":23,"column":12},"end":{"line":24,"column":55}},"type":"binary-expr","locations":[{"start":{"line":23,"column":12},"end":{"line":23,"column":55}},{"start":{"line":24,"column":12},"end":{"line":24,"column":55}}]},"2":{"loc":{"start":{"line":25,"column":30},"end":{"line":25,"column":55}},"type":"binary-expr","locations":[{"start":{"line":25,"column":30},"end":{"line":25,"column":42}},{"start":{"line":25,"column":46},"end":{"line":25,"column":55}}]},"3":{"loc":{"start":{"line":48,"column":12},"end":{"line":71,"column":null}},"type":"if","locations":[{"start":{"line":48,"column":12},"end":{"line":71,"column":null}}]},"4":{"loc":{"start":{"line":50,"column":16},"end":{"line":52,"column":null}},"type":"if","locations":[{"start":{"line":50,"column":16},"end":{"line":52,"column":null}}]},"5":{"loc":{"start":{"line":50,"column":20},"end":{"line":50,"column":70}},"type":"binary-expr","locations":[{"start":{"line":50,"column":20},"end":{"line":50,"column":41}},{"start":{"line":50,"column":45},"end":{"line":50,"column":70}}]}},"s":{"0":3,"1":3,"2":3,"3":3,"4":5,"5":23,"6":23,"7":23,"8":23,"9":5,"10":5,"11":5,"12":5,"13":5,"14":5,"15":5,"16":23,"17":23,"18":11,"19":2,"20":11,"21":1,"22":11,"23":5,"24":5,"25":0,"26":0,"27":3},"f":{"0":5,"1":23,"2":5,"3":1,"4":0,"5":0},"b":{"0":[23,18],"1":[23,23],"2":[23,16],"3":[11],"4":[2],"5":[11,6]}}
,"C:\\Users\\User\\Documents\\coverself-fe-assignment\\src\\components\\ReactTable\\ReactTable.tsx": {"path":"C:\\Users\\User\\Documents\\coverself-fe-assignment\\src\\components\\ReactTable\\ReactTable.tsx","statementMap":{"0":{"start":{"line":1,"column":0},"end":{"line":1,"column":39}},"1":{"start":{"line":2,"column":0},"end":{"line":2,"column":null}},"2":{"start":{"line":13,"column":0},"end":{"line":13,"column":null}},"3":{"start":{"line":20,"column":0},"end":{"line":20,"column":55}},"4":{"start":{"line":22,"column":0},"end":{"line":22,"column":56}},"5":{"start":{"line":23,"column":0},"end":{"line":23,"column":50}},"6":{"start":{"line":24,"column":0},"end":{"line":24,"column":68}},"7":{"start":{"line":25,"column":0},"end":{"line":25,"column":36}},"8":{"start":{"line":27,"column":22},"end":{"line":31,"column":2}},"9":{"start":{"line":33,"column":46},"end":{"line":159,"column":1}},"10":{"start":{"line":40,"column":41},"end":{"line":40,"column":45}},"11":{"start":{"line":42,"column":20},"end":{"line":80,"column":null}},"12":{"start":{"line":43,"column":14},"end":{"line":79,"column":null}},"13":{"start":{"line":60,"column":20},"end":{"line":60,"column":72}},"14":{"start":{"line":66,"column":20},"end":{"line":75,"column":null}},"15":{"start":{"line":83,"column":18},"end":{"line":87,"column":6}},"16":{"start":{"line":89,"column":29},"end":{"line":91,"column":5}},"17":{"start":{"line":90,"column":8},"end":{"line":90,"column":27}},"18":{"start":{"line":93,"column":37},"end":{"line":96,"column":5}},"19":{"start":{"line":94,"column":8},"end":{"line":94,"column":36}},"20":{"start":{"line":95,"column":8},"end":{"line":95,"column":24}},"21":{"start":{"line":98,"column":4},"end":{"line":158,"column":6}},"22":{"start":{"line":111,"column":32},"end":{"line":111,"column":null}},"23":{"start":{"line":113,"column":40},"end":{"line":113,"column":null}},"24":{"start":{"line":125,"column":32},"end":{"line":139,"column":34}},"25":{"start":{"line":128,"column":44},"end":{"line":136,"column":46}},"26":{"start":{"line":161,"column":0},"end":{"line":161,"column":26}}},"fnMap":{"0":{"name":"(anonymous_0)","decl":{"start":{"line":33,"column":46},"end":{"line":33,"column":47}},"loc":{"start":{"line":39,"column":5},"end":{"line":159,"column":1}}},"1":{"name":"(anonymous_1)","decl":{"start":{"line":43,"column":8},"end":{"line":43,"column":11}},"loc":{"start":{"line":43,"column":14},"end":{"line":79,"column":null}}},"2":{"name":"(anonymous_2)","decl":{"start":{"line":59,"column":22},"end":{"line":59,"column":23}},"loc":{"start":{"line":60,"column":20},"end":{"line":60,"column":72}}},"3":{"name":"(anonymous_3)","decl":{"start":{"line":65,"column":22},"end":{"line":65,"column":23}},"loc":{"start":{"line":66,"column":20},"end":{"line":75,"column":null}}},"4":{"name":"(anonymous_4)","decl":{"start":{"line":89,"column":29},"end":{"line":89,"column":30}},"loc":{"start":{"line":89,"column":46},"end":{"line":91,"column":5}}},"5":{"name":"(anonymous_5)","decl":{"start":{"line":93,"column":37},"end":{"line":93,"column":38}},"loc":{"start":{"line":93,"column":55},"end":{"line":96,"column":5}}},"6":{"name":"(anonymous_6)","decl":{"start":{"line":110,"column":57},"end":{"line":110,"column":68}},"loc":{"start":{"line":111,"column":32},"end":{"line":111,"column":null}}},"7":{"name":"(anonymous_7)","decl":{"start":{"line":112,"column":61},"end":{"line":112,"column":67}},"loc":{"start":{"line":113,"column":40},"end":{"line":113,"column":null}}},"8":{"name":"(anonymous_8)","decl":{"start":{"line":124,"column":58},"end":{"line":124,"column":61}},"loc":{"start":{"line":124,"column":64},"end":{"line":140,"column":29}}},"9":{"name":"(anonymous_9)","decl":{"start":{"line":127,"column":67},"end":{"line":127,"column":71}},"loc":{"start":{"line":127,"column":74},"end":{"line":137,"column":41}}}},"branchMap":{},"s":{"0":2,"1":2,"2":2,"3":2,"4":2,"5":2,"6":2,"7":2,"8":2,"9":2,"10":3,"11":3,"12":3,"13":7,"14":7,"15":3,"16":3,"17":0,"18":3,"19":0,"20":0,"21":3,"22":3,"23":15,"24":7,"25":35,"26":2},"f":{"0":3,"1":3,"2":7,"3":7,"4":0,"5":0,"6":3,"7":15,"8":7,"9":35},"b":{}}
,"C:\\Users\\User\\Documents\\coverself-fe-assignment\\src\\components\\RowCountSelector\\RowCountSelector.tsx": {"path":"C:\\Users\\User\\Documents\\coverself-fe-assignment\\src\\components\\RowCountSelector\\RowCountSelector.tsx","statementMap":{"0":{"start":{"line":2,"column":0},"end":{"line":2,"column":49}},"1":{"start":{"line":3,"column":0},"end":{"line":3,"column":null}},"2":{"start":{"line":12,"column":0},"end":{"line":12,"column":66}},"3":{"start":{"line":13,"column":0},"end":{"line":13,"column":57}},"4":{"start":{"line":15,"column":58},"end":{"line":65,"column":1}},"5":{"start":{"line":19,"column":4},"end":{"line":64,"column":6}},"6":{"start":{"line":32,"column":20},"end":{"line":59,"column":null}},"7":{"start":{"line":44,"column":32},"end":{"line":45,"column":null}},"8":{"start":{"line":53,"column":40},"end":{"line":53,"column":70}},"9":{"start":{"line":67,"column":0},"end":{"line":67,"column":32}}},"fnMap":{"0":{"name":"(anonymous_0)","decl":{"start":{"line":15,"column":58},"end":{"line":15,"column":59}},"loc":{"start":{"line":18,"column":5},"end":{"line":65,"column":1}}},"1":{"name":"(anonymous_1)","decl":{"start":{"line":31,"column":17},"end":{"line":31,"column":18}},"loc":{"start":{"line":32,"column":20},"end":{"line":59,"column":null}}},"2":{"name":"(anonymous_2)","decl":{"start":{"line":43,"column":41},"end":{"line":43,"column":45}},"loc":{"start":{"line":44,"column":32},"end":{"line":45,"column":null}}},"3":{"name":"(anonymous_3)","decl":{"start":{"line":52,"column":45},"end":{"line":52,"column":48}},"loc":{"start":{"line":53,"column":40},"end":{"line":53,"column":70}}}},"branchMap":{"0":{"loc":{"start":{"line":37,"column":32},"end":{"line":37,"column":80}},"type":"cond-expr","locations":[{"start":{"line":37,"column":41},"end":{"line":37,"column":58}},{"start":{"line":37,"column":61},"end":{"line":37,"column":80}}]},"1":{"loc":{"start":{"line":47,"column":40},"end":{"line":49,"column":53}},"type":"cond-expr","locations":[{"start":{"line":48,"column":46},"end":{"line":48,"column":55}},{"start":{"line":49,"column":46},"end":{"line":49,"column":53}}]}},"s":{"0":3,"1":3,"2":3,"3":3,"4":3,"5":6,"6":17,"7":85,"8":1,"9":3},"f":{"0":6,"1":17,"2":85,"3":1},"b":{"0":[3,14],"1":[17,68]}}
,"C:\\Users\\User\\Documents\\coverself-fe-assignment\\src\\components\\RowCountSelector\\types.ts": {"path":"C:\\Users\\User\\Documents\\coverself-fe-assignment\\src\\components\\RowCountSelector\\types.ts","statementMap":{"0":{"start":{"line":7,"column":13},"end":{"line":7,"column":54}}},"fnMap":{},"branchMap":{},"s":{"0":3},"f":{},"b":{}}
,"C:\\Users\\User\\Documents\\coverself-fe-assignment\\src\\features\\IssueList.tsx": {"path":"C:\\Users\\User\\Documents\\coverself-fe-assignment\\src\\features\\IssueList.tsx","statementMap":{"0":{"start":{"line":2,"column":0},"end":{"line":2,"column":55}},"1":{"start":{"line":3,"column":0},"end":{"line":3,"column":49}},"2":{"start":{"line":5,"column":0},"end":{"line":5,"column":56}},"3":{"start":{"line":6,"column":0},"end":{"line":6,"column":null}},"4":{"start":{"line":12,"column":0},"end":{"line":12,"column":61}},"5":{"start":{"line":14,"column":0},"end":{"line":14,"column":53}},"6":{"start":{"line":16,"column":29},"end":{"line":62,"column":1}},"7":{"start":{"line":17,"column":21},"end":{"line":17,"column":34}},"8":{"start":{"line":18,"column":61},"end":{"line":19,"column":null}},"9":{"start":{"line":19,"column":30},"end":{"line":19,"column":53}},"10":{"start":{"line":22,"column":39},"end":{"line":27,"column":6}},"11":{"start":{"line":29,"column":29},"end":{"line":31,"column":5}},"12":{"start":{"line":30,"column":8},"end":{"line":30,"column":39}},"13":{"start":{"line":33,"column":37},"end":{"line":35,"column":5}},"14":{"start":{"line":34,"column":8},"end":{"line":34,"column":41}},"15":{"start":{"line":37,"column":4},"end":{"line":46,"column":10}},"16":{"start":{"line":38,"column":8},"end":{"line":46,"column":10}},"17":{"start":{"line":47,"column":4},"end":{"line":47,"column":77}},"18":{"start":{"line":47,"column":15},"end":{"line":47,"column":77}},"19":{"start":{"line":49,"column":4},"end":{"line":61,"column":6}},"20":{"start":{"line":64,"column":0},"end":{"line":64,"column":26}}},"fnMap":{"0":{"name":"(anonymous_0)","decl":{"start":{"line":16,"column":29},"end":{"line":16,"column":32}},"loc":{"start":{"line":16,"column":34},"end":{"line":62,"column":1}}},"1":{"name":"(anonymous_1)","decl":{"start":{"line":19,"column":8},"end":{"line":19,"column":9}},"loc":{"start":{"line":19,"column":30},"end":{"line":19,"column":53}}},"2":{"name":"(anonymous_2)","decl":{"start":{"line":29,"column":29},"end":{"line":29,"column":30}},"loc":{"start":{"line":29,"column":46},"end":{"line":31,"column":5}}},"3":{"name":"(anonymous_3)","decl":{"start":{"line":33,"column":37},"end":{"line":33,"column":38}},"loc":{"start":{"line":33,"column":55},"end":{"line":35,"column":5}}}},"branchMap":{"0":{"loc":{"start":{"line":37,"column":4},"end":{"line":46,"column":10}},"type":"if","locations":[{"start":{"line":37,"column":4},"end":{"line":46,"column":10}}]},"1":{"loc":{"start":{"line":47,"column":4},"end":{"line":47,"column":77}},"type":"if","locations":[{"start":{"line":47,"column":4},"end":{"line":47,"column":77}}]},"2":{"loc":{"start":{"line":51,"column":13},"end":{"line":58,"column":null}},"type":"binary-expr","locations":[{"start":{"line":51,"column":13},"end":{"line":51,"column":17}},{"start":{"line":52,"column":16},"end":{"line":57,"column":null}}]}},"s":{"0":1,"1":1,"2":1,"3":1,"4":1,"5":1,"6":1,"7":3,"8":3,"9":3,"10":3,"11":3,"12":0,"13":3,"14":0,"15":3,"16":1,"17":2,"18":1,"19":1,"20":1},"f":{"0":3,"1":3,"2":0,"3":0},"b":{"0":[1],"1":[1],"2":[1,1]}}
,"C:\\Users\\User\\Documents\\coverself-fe-assignment\\src\\store\\pagination\\paginationSlice.ts": {"path":"C:\\Users\\User\\Documents\\coverself-fe-assignment\\src\\store\\pagination\\paginationSlice.ts","statementMap":{"0":{"start":{"line":3,"column":0},"end":{"line":3,"column":62}},"1":{"start":{"line":12,"column":38},"end":{"line":17,"column":2}},"2":{"start":{"line":19,"column":24},"end":{"line":36,"column":2}},"3":{"start":{"line":24,"column":12},"end":{"line":24,"column":47}},"4":{"start":{"line":27,"column":12},"end":{"line":27,"column":48}},"5":{"start":{"line":30,"column":12},"end":{"line":30,"column":42}},"6":{"start":{"line":33,"column":12},"end":{"line":33,"column":45}},"7":{"start":{"line":38,"column":13},"end":{"line":38,"column":null}},"8":{"start":{"line":40,"column":0},"end":{"line":40,"column":39}}},"fnMap":{"0":{"name":"(anonymous_0)","decl":{"start":{"line":23,"column":24},"end":{"line":23,"column":25}},"loc":{"start":{"line":23,"column":65},"end":{"line":25,"column":9}}},"1":{"name":"(anonymous_1)","decl":{"start":{"line":26,"column":25},"end":{"line":26,"column":26}},"loc":{"start":{"line":26,"column":66},"end":{"line":28,"column":9}}},"2":{"name":"(anonymous_2)","decl":{"start":{"line":29,"column":19},"end":{"line":29,"column":20}},"loc":{"start":{"line":29,"column":60},"end":{"line":31,"column":9}}},"3":{"name":"(anonymous_3)","decl":{"start":{"line":32,"column":22},"end":{"line":32,"column":23}},"loc":{"start":{"line":32,"column":71},"end":{"line":34,"column":9}}}},"branchMap":{},"s":{"0":1,"1":1,"2":1,"3":0,"4":0,"5":0,"6":0,"7":1,"8":1},"f":{"0":0,"1":0,"2":0,"3":0},"b":{}}
,"C:\\Users\\User\\Documents\\coverself-fe-assignment\\src\\utils\\enums\\labels.ts": {"path":"C:\\Users\\User\\Documents\\coverself-fe-assignment\\src\\utils\\enums\\labels.ts","statementMap":{"0":{"start":{"line":1,"column":0},"end":{"line":1,"column":null}},"1":{"start":{"line":2,"column":4},"end":{"line":2,"column":null}},"2":{"start":{"line":3,"column":4},"end":{"line":3,"column":null}},"3":{"start":{"line":4,"column":4},"end":{"line":4,"column":null}},"4":{"start":{"line":5,"column":4},"end":{"line":5,"column":null}},"5":{"start":{"line":6,"column":4},"end":{"line":6,"column":null}},"6":{"start":{"line":9,"column":0},"end":{"line":9,"column":null}},"7":{"start":{"line":10,"column":4},"end":{"line":10,"column":null}},"8":{"start":{"line":13,"column":0},"end":{"line":13,"column":null}},"9":{"start":{"line":14,"column":4},"end":{"line":14,"column":null}}},"fnMap":{"0":{"name":"(anonymous_0)","decl":{"start":{"line":1,"column":0},"end":{"line":1,"column":12}},"loc":{"start":{"line":1,"column":24},"end":{"line":7,"column":1}}},"1":{"name":"(anonymous_1)","decl":{"start":{"line":9,"column":0},"end":{"line":9,"column":12}},"loc":{"start":{"line":9,"column":17},"end":{"line":11,"column":1}}},"2":{"name":"(anonymous_2)","decl":{"start":{"line":13,"column":0},"end":{"line":13,"column":12}},"loc":{"start":{"line":13,"column":24},"end":{"line":15,"column":1}}}},"branchMap":{"0":{"loc":{"start":{"line":1,"column":12},"end":{"line":1,"column":null}},"type":"binary-expr","locations":[{"start":{"line":1,"column":12},"end":{"line":1,"column":24}},{"start":{"line":1,"column":12},"end":{"line":1,"column":null}}]},"1":{"loc":{"start":{"line":9,"column":12},"end":{"line":9,"column":null}},"type":"binary-expr","locations":[{"start":{"line":9,"column":12},"end":{"line":9,"column":17}},{"start":{"line":9,"column":12},"end":{"line":9,"column":null}}]},"2":{"loc":{"start":{"line":13,"column":12},"end":{"line":13,"column":null}},"type":"binary-expr","locations":[{"start":{"line":13,"column":12},"end":{"line":13,"column":24}},{"start":{"line":13,"column":12},"end":{"line":13,"column":null}}]}},"s":{"0":3,"1":3,"2":3,"3":3,"4":3,"5":3,"6":3,"7":3,"8":3,"9":3},"f":{"0":3,"1":3,"2":3},"b":{"0":[3,3],"1":[3,3],"2":[3,3]}}
,"C:\\Users\\User\\Documents\\coverself-fe-assignment\\src\\utils\\enums\\status.ts": {"path":"C:\\Users\\User\\Documents\\coverself-fe-assignment\\src\\utils\\enums\\status.ts","statementMap":{"0":{"start":{"line":1,"column":0},"end":{"line":1,"column":null}},"1":{"start":{"line":2,"column":4},"end":{"line":2,"column":null}},"2":{"start":{"line":3,"column":4},"end":{"line":3,"column":null}},"3":{"start":{"line":4,"column":4},"end":{"line":4,"column":null}}},"fnMap":{"0":{"name":"(anonymous_0)","decl":{"start":{"line":1,"column":0},"end":{"line":1,"column":12}},"loc":{"start":{"line":1,"column":23},"end":{"line":5,"column":1}}}},"branchMap":{"0":{"loc":{"start":{"line":1,"column":12},"end":{"line":1,"column":null}},"type":"binary-expr","locations":[{"start":{"line":1,"column":12},"end":{"line":1,"column":23}},{"start":{"line":1,"column":12},"end":{"line":1,"column":null}}]}},"s":{"0":2,"1":2,"2":2,"3":2},"f":{"0":2},"b":{"0":[2,2]}}
}
