TN:
SF:src\components\PageButton\PageButton.tsx
FN:9,(anonymous_0)
FN:15,(anonymous_1)
FN:30,(anonymous_2)
FN:64,(anonymous_3)
FN:80,(anonymous_4)
FN:87,(anonymous_5)
FNF:6
FNH:4
FNDA:5,(anonymous_0)
FNDA:23,(anonymous_1)
FNDA:5,(anonymous_2)
FNDA:1,(anonymous_3)
FNDA:0,(anonymous_4)
FNDA:0,(anonymous_5)
DA:4,3
DA:5,3
DA:6,3
DA:9,3
DA:15,5
DA:21,23
DA:23,23
DA:25,23
DA:27,23
DA:30,5
DA:31,5
DA:33,5
DA:36,5
DA:38,5
DA:40,5
DA:41,23
DA:48,23
DA:50,11
DA:51,2
DA:54,11
DA:64,1
DA:70,11
DA:74,5
DA:77,5
DA:80,0
DA:87,0
DA:95,3
LF:27
LH:25
BRDA:21,0,0,23
BRDA:21,0,1,18
BRDA:23,1,0,23
BRDA:23,1,1,23
BRDA:25,2,0,23
BRDA:25,2,1,16
BRDA:48,3,0,11
BRDA:50,4,0,2
BRDA:50,5,0,11
BRDA:50,5,1,6
BRF:10
BRH:10
end_of_record
TN:
SF:src\components\ReactTable\ReactTable.tsx
FN:33,(anonymous_0)
FN:43,(anonymous_1)
FN:59,(anonymous_2)
FN:65,(anonymous_3)
FN:89,(anonymous_4)
FN:93,(anonymous_5)
FN:110,(anonymous_6)
FN:112,(anonymous_7)
FN:124,(anonymous_8)
FN:127,(anonymous_9)
FNF:10
FNH:8
FNDA:3,(anonymous_0)
FNDA:3,(anonymous_1)
FNDA:7,(anonymous_2)
FNDA:7,(anonymous_3)
FNDA:0,(anonymous_4)
FNDA:0,(anonymous_5)
FNDA:3,(anonymous_6)
FNDA:15,(anonymous_7)
FNDA:7,(anonymous_8)
FNDA:35,(anonymous_9)
DA:1,2
DA:2,2
DA:13,2
DA:20,2
DA:22,2
DA:23,2
DA:24,2
DA:25,2
DA:27,2
DA:33,2
DA:40,3
DA:42,3
DA:43,3
DA:60,7
DA:66,7
DA:83,3
DA:89,3
DA:90,0
DA:93,3
DA:94,0
DA:95,0
DA:98,3
DA:111,3
DA:113,15
DA:125,7
DA:128,35
DA:161,2
LF:27
LH:24
BRF:0
BRH:0
end_of_record
TN:
SF:src\components\RowCountSelector\RowCountSelector.tsx
FN:15,(anonymous_0)
FN:31,(anonymous_1)
FN:43,(anonymous_2)
FN:52,(anonymous_3)
FNF:4
FNH:4
FNDA:6,(anonymous_0)
FNDA:17,(anonymous_1)
FNDA:85,(anonymous_2)
FNDA:1,(anonymous_3)
DA:2,3
DA:3,3
DA:12,3
DA:13,3
DA:15,3
DA:19,6
DA:32,17
DA:44,85
DA:53,1
DA:67,3
LF:10
LH:10
BRDA:37,0,0,3
BRDA:37,0,1,14
BRDA:47,1,0,17
BRDA:47,1,1,68
BRF:4
BRH:4
end_of_record
TN:
SF:src\components\RowCountSelector\types.ts
FNF:0
FNH:0
DA:7,3
LF:1
LH:1
BRF:0
BRH:0
end_of_record
TN:
SF:src\features\IssueList.tsx
FN:16,(anonymous_0)
FN:19,(anonymous_1)
FN:29,(anonymous_2)
FN:33,(anonymous_3)
FNF:4
FNH:2
FNDA:3,(anonymous_0)
FNDA:3,(anonymous_1)
FNDA:0,(anonymous_2)
FNDA:0,(anonymous_3)
DA:2,1
DA:3,1
DA:5,1
DA:6,1
DA:12,1
DA:14,1
DA:16,1
DA:17,3
DA:18,3
DA:19,3
DA:22,3
DA:29,3
DA:30,0
DA:33,3
DA:34,0
DA:37,3
DA:38,1
DA:47,2
DA:49,1
DA:64,1
LF:20
LH:18
BRDA:37,0,0,1
BRDA:47,1,0,1
BRDA:51,2,0,1
BRDA:51,2,1,1
BRF:4
BRH:4
end_of_record
TN:
SF:src\store\pagination\paginationSlice.ts
FN:23,(anonymous_0)
FN:26,(anonymous_1)
FN:29,(anonymous_2)
FN:32,(anonymous_3)
FNF:4
FNH:0
FNDA:0,(anonymous_0)
FNDA:0,(anonymous_1)
FNDA:0,(anonymous_2)
FNDA:0,(anonymous_3)
DA:3,1
DA:12,1
DA:19,1
DA:24,0
DA:27,0
DA:30,0
DA:33,0
DA:38,1
DA:40,1
LF:9
LH:5
BRF:0
BRH:0
end_of_record
TN:
SF:src\utils\enums\labels.ts
FN:1,(anonymous_0)
FN:9,(anonymous_1)
FN:13,(anonymous_2)
FNF:3
FNH:3
FNDA:3,(anonymous_0)
FNDA:3,(anonymous_1)
FNDA:3,(anonymous_2)
DA:1,3
DA:2,3
DA:3,3
DA:4,3
DA:5,3
DA:6,3
DA:9,3
DA:10,3
DA:13,3
DA:14,3
LF:10
LH:10
BRDA:1,0,0,3
BRDA:1,0,1,3
BRDA:9,1,0,3
BRDA:9,1,1,3
BRDA:13,2,0,3
BRDA:13,2,1,3
BRF:6
BRH:6
end_of_record
TN:
SF:src\utils\enums\status.ts
FN:1,(anonymous_0)
FNF:1
FNH:1
FNDA:2,(anonymous_0)
DA:1,2
DA:2,2
DA:3,2
DA:4,2
LF:4
LH:4
BRDA:1,0,0,2
BRDA:1,0,1,2
BRF:2
BRH:2
end_of_record
